11:49:50 **** Incremental Build of configuration Debug for project test_text ****
make all 
'Building file: ../src/lw_usb/HID.c'
'Invoking: MicroBlaze gcc compiler'
mb-gcc -Wall -O0 -g3 -c -fmessage-length=0 -MT"src/lw_usb/HID.o" -IC:/Users/sircu/ECE385/final/sdk/test_text_1/export/test_text_1/sw/test_text_1/standalone_microblaze_0/bspinclude/include -mno-xl-reorder -mlittle-endian -mxl-barrel-shift -mxl-pattern-compare -mcpu=v11.0 -mno-xl-soft-mul -Wl,--no-relax -ffunction-sections -fdata-sections -MMD -MP -MF"src/lw_usb/HID.d" -MT"src/lw_usb/HID.o" -o "src/lw_usb/HID.o" "../src/lw_usb/HID.c"
../src/lw_usb/HID.c:9:1: warning: braces around scalar initializer
    9 | HID_DEVICE hid_device = { { 0 } };
      | ^~~~~~~~~~
../src/lw_usb/HID.c:9:1: note: (near initialization for 'hid_device.addr')
'Finished building: ../src/lw_usb/HID.c'
' '
'Building file: ../src/lw_usb/MAX3421E.c'
'Invoking: MicroBlaze gcc compiler'
mb-gcc -Wall -O0 -g3 -c -fmessage-length=0 -MT"src/lw_usb/MAX3421E.o" -IC:/Users/sircu/ECE385/final/sdk/test_text_1/export/test_text_1/sw/test_text_1/standalone_microblaze_0/bspinclude/include -mno-xl-reorder -mlittle-endian -mxl-barrel-shift -mxl-pattern-compare -mcpu=v11.0 -mno-xl-soft-mul -Wl,--no-relax -ffunction-sections -fdata-sections -MMD -MP -MF"src/lw_usb/MAX3421E.d" -MT"src/lw_usb/MAX3421E.o" -o "src/lw_usb/MAX3421E.o" "../src/lw_usb/MAX3421E.c"
In file included from C:/Users/sircu/ECE385/final/sdk/test_text_1/export/test_text_1/sw/test_text_1/standalone_microblaze_0/bspinclude/include/xspi.h:303,
                 from ../src/lw_usb/MAX3421E.c:14:
../src/lw_usb/MAX3421E.c: In function 'SPI_init':
C:/Users/sircu/ECE385/final/sdk/test_text_1/export/test_text_1/sw/test_text_1/standalone_microblaze_0/bspinclude/include/xstatus.h:44:41: warning: 'return' with a value, in function returning void [-Wreturn-type]
   44 | #define XST_DEVICE_NOT_FOUND            2L
      |                                         ^~
../src/lw_usb/MAX3421E.c:38:24: note: in expansion of macro 'XST_DEVICE_NOT_FOUND'
   38 |                 return XST_DEVICE_NOT_FOUND;
      |                        ^~~~~~~~~~~~~~~~~~~~
../src/lw_usb/MAX3421E.c:32:6: note: declared here
   32 | void SPI_init() {
      |      ^~~~~~~~
In file included from C:/Users/sircu/ECE385/final/sdk/test_text_1/export/test_text_1/sw/test_text_1/standalone_microblaze_0/bspinclude/include/xspi.h:303,
                 from ../src/lw_usb/MAX3421E.c:14:
C:/Users/sircu/ECE385/final/sdk/test_text_1/export/test_text_1/sw/test_text_1/standalone_microblaze_0/bspinclude/include/xstatus.h:43:41: warning: 'return' with a value, in function returning void [-Wreturn-type]
   43 | #define XST_FAILURE                     1L
      |                                         ^~
../src/lw_usb/MAX3421E.c:44:24: note: in expansion of macro 'XST_FAILURE'
   44 |                 return XST_FAILURE;
      |                        ^~~~~~~~~~~
../src/lw_usb/MAX3421E.c:32:6: note: declared here
   32 | void SPI_init() {
      |      ^~~~~~~~
../src/lw_usb/MAX3421E.c: In function 'MAX3421E_Task':
../src/lw_usb/MAX3421E.c:244:46: warning: suggest parentheses around comparison in operand of '&' [-Wparentheses]
  244 |         if (XGpio_DiscreteRead(&Gpio_int, 1) & 0x01 == 0) {
      |                                              ^
../src/lw_usb/MAX3421E.c: In function 'MaxGpxHandler':
../src/lw_usb/MAX3421E.c:275:14: warning: variable 'GPINIRQ' set but not used [-Wunused-but-set-variable]
  275 |         BYTE GPINIRQ;
      |              ^~~~~~~
'Finished building: ../src/lw_usb/MAX3421E.c'
' '
'Building file: ../src/lw_usb/transfer.c'
'Invoking: MicroBlaze gcc compiler'
mb-gcc -Wall -O0 -g3 -c -fmessage-length=0 -MT"src/lw_usb/transfer.o" -IC:/Users/sircu/ECE385/final/sdk/test_text_1/export/test_text_1/sw/test_text_1/standalone_microblaze_0/bspinclude/include -mno-xl-reorder -mlittle-endian -mxl-barrel-shift -mxl-pattern-compare -mcpu=v11.0 -mno-xl-soft-mul -Wl,--no-relax -ffunction-sections -fdata-sections -MMD -MP -MF"src/lw_usb/transfer.d" -MT"src/lw_usb/transfer.o" -o "src/lw_usb/transfer.o" "../src/lw_usb/transfer.c"
../src/lw_usb/transfer.c:13:1: warning: braces around scalar initializer
   13 | EP_RECORD dev0ep = {{ 0 }};         //Endpoint data structure for uninitialized device during enumeration
      | ^~~~~~~~~
../src/lw_usb/transfer.c:13:1: note: (near initialization for 'dev0ep.epAddr')
../src/lw_usb/transfer.c: In function 'XferInTransfer':
../src/lw_usb/transfer.c:199:7: warning: unused variable 'tmpbyte' [-Wunused-variable]
  199 |  BYTE tmpbyte;
      |       ^~~~~~~
../src/lw_usb/transfer.c:198:7: warning: unused variable 'i' [-Wunused-variable]
  198 |  BYTE i;
      |       ^
'Finished building: ../src/lw_usb/transfer.c'
' '
'Building file: ../src/hdmi_text_controller.c'
'Invoking: MicroBlaze gcc compiler'
mb-gcc -Wall -O0 -g3 -c -fmessage-length=0 -MT"src/hdmi_text_controller.o" -IC:/Users/sircu/ECE385/final/sdk/test_text_1/export/test_text_1/sw/test_text_1/standalone_microblaze_0/bspinclude/include -mno-xl-reorder -mlittle-endian -mxl-barrel-shift -mxl-pattern-compare -mcpu=v11.0 -mno-xl-soft-mul -Wl,--no-relax -ffunction-sections -fdata-sections -MMD -MP -MF"src/hdmi_text_controller.d" -MT"src/hdmi_text_controller.o" -o "src/hdmi_text_controller.o" "../src/hdmi_text_controller.c"
In file included from ../src/hdmi_text_controller.h:8,
                 from ../src/hdmi_text_controller.c:4:
C:/Users/sircu/ECE385/final/sdk/test_text_1/export/test_text_1/sw/test_text_1/standalone_microblaze_0/bspinclude/include/xparameters.h:627:50: warning: initialization of 'volatile struct TEXT_HDMI_STRUCT *' from 'int' makes pointer from integer without a cast [-Wint-conversion]
  627 | #define XPAR_HDMI_TEXT_CONTROLLER_0_AXI_BASEADDR 0x44A00000
      |                                                  ^~~~~~~~~~
../src/hdmi_text_controller.h:39:54: note: in expansion of macro 'XPAR_HDMI_TEXT_CONTROLLER_0_AXI_BASEADDR'
   39 | static volatile struct TEXT_HDMI_STRUCT* hdmi_ctrl = XPAR_HDMI_TEXT_CONTROLLER_0_AXI_BASEADDR;
      |                                                      ^~~~~~~~~~~~~~~~~~~~~~~~~~~~~~~~~~~~~~~~
'Finished building: ../src/hdmi_text_controller.c'
' '
'Building file: ../src/lw_usb_main.c'
'Invoking: MicroBlaze gcc compiler'
mb-gcc -Wall -O0 -g3 -c -fmessage-length=0 -MT"src/lw_usb_main.o" -IC:/Users/sircu/ECE385/final/sdk/test_text_1/export/test_text_1/sw/test_text_1/standalone_microblaze_0/bspinclude/include -mno-xl-reorder -mlittle-endian -mxl-barrel-shift -mxl-pattern-compare -mcpu=v11.0 -mno-xl-soft-mul -Wl,--no-relax -ffunction-sections -fdata-sections -MMD -MP -MF"src/lw_usb_main.d" -MT"src/lw_usb_main.o" -o "src/lw_usb_main.o" "../src/lw_usb_main.c"
../src/lw_usb_main.c: In function 'main':
../src/lw_usb_main.c:101:5: warning: implicit declaration of function 'test_text' [-Wimplicit-function-declaration]
  101 |     test_text();
      |     ^~~~~~~~~
../src/lw_usb_main.c:102:5: warning: implicit declaration of function 'textHDMIColorClr' [-Wimplicit-function-declaration]
  102 |     textHDMIColorClr();
      |     ^~~~~~~~~~~~~~~~
../src/lw_usb_main.c:107:25: warning: implicit declaration of function 'drawPixel' [-Wimplicit-function-declaration]
  107 |                         drawPixel(x, y, 1);
      |                         ^~~~~~~~~
../src/lw_usb_main.c:191:41: warning: implicit declaration of function 'clickedFunc' [-Wimplicit-function-declaration]
  191 |                                         clickedFunc(kbdbuf.keycode, prev_lane_pressed, clicked);
      |                                         ^~~~~~~~~~~
../src/lw_usb_main.c:200:57: warning: implicit declaration of function 'drawNote' [-Wimplicit-function-declaration]
  200 |                                                         drawNote(chart[i].lane, drawY);
      |                                                         ^~~~~~~~
../src/lw_usb_main.c:203:81: warning: implicit declaration of function 'scoreCalc' [-Wimplicit-function-declaration]
  203 |                                                                         score = scoreCalc(ybot, 449, chart[i].lane);
      |                                                                                 ^~~~~~~~~
../src/lw_usb_main.c:206:73: warning: implicit declaration of function 'removeNote'; did you mean 'remove'? [-Wimplicit-function-declaration]
  206 |                                                                         removeNote(chart[i].lane, drawY);
      |                                                                         ^~~~~~~~~~
      |                                                                         remove
../src/lw_usb_main.c:214:41: warning: implicit declaration of function 'lightKeys' [-Wimplicit-function-declaration]
  214 |                                         lightKeys(kbdbuf.keycode, score);
      |                                         ^~~~~~~~~
'Finished building: ../src/lw_usb_main.c'
' '
'Building file: ../src/platform.c'
'Invoking: MicroBlaze gcc compiler'
mb-gcc -Wall -O0 -g3 -c -fmessage-length=0 -MT"src/platform.o" -IC:/Users/sircu/ECE385/final/sdk/test_text_1/export/test_text_1/sw/test_text_1/standalone_microblaze_0/bspinclude/include -mno-xl-reorder -mlittle-endian -mxl-barrel-shift -mxl-pattern-compare -mcpu=v11.0 -mno-xl-soft-mul -Wl,--no-relax -ffunction-sections -fdata-sections -MMD -MP -MF"src/platform.d" -MT"src/platform.o" -o "src/platform.o" "../src/platform.c"
'Finished building: ../src/platform.c'
' '
'Building target: test_text.elf'
'Invoking: MicroBlaze gcc linker'
mb-gcc -Wl,-T -Wl,../src/lscript.ld -LC:/Users/sircu/ECE385/final/sdk/test_text_1/export/test_text_1/sw/test_text_1/standalone_microblaze_0/bsplib/lib -mlittle-endian -mxl-barrel-shift -mxl-pattern-compare -mcpu=v11.0 -mno-xl-soft-mul -Wl,--no-relax -Wl,--gc-sections -o "test_text.elf"  ./src/lw_usb/HID.o ./src/lw_usb/MAX3421E.o ./src/lw_usb/transfer.o  ./src/hdmi_text_controller.o ./src/lw_usb_main.o ./src/platform.o   -Wl,--start-group,-lxil,-lgcc,-lc,--end-group
'Finished building target: test_text.elf'
' '
'Invoking: MicroBlaze Print Size'
mb-size test_text.elf  |tee "test_text.elf.size"
   text	   data	    bss	    dec	    hex	filename
  29072	   1580	   3796	  34448	   8690	test_text.elf
'Finished building: test_text.elf.size'
' '

11:49:53 Build Finished (took 2s.381ms)

